<?xml version="1.0" encoding="UTF-8"?>
<testng-results skipped="0" failed="0" ignored="0" total="3" passed="3">
  <reporter-output>
    <line>
      <![CDATA[Harry Potter and the Order of the Phoenix – Gryffindor Edition (House Edition Gryffindor)]]>
    </line>
    <line>
      <![CDATA[Harry Potter and the Philosopher's Stone]]>
    </line>
    <line>
      <![CDATA[Harry Potter and the Sorcerer's Stone / Harry Potter and the Chamber of Secrets / Harry Poter and the Prisoner of Azkaban]]>
    </line>
    <line>
      <![CDATA[Harry Potter and the Goblet of Fire (Harry Potter 4)]]>
    </line>
    <line>
      <![CDATA[Harry Potter Box Set: The Complete Collection (Children’s Paperback) (Set of 7 Volumes)]]>
    </line>
    <line>
      <![CDATA[Harry Potter and the Order of the Phoenix – Ravenclaw Edition (House Edition Ravenclaw)]]>
    </line>
    <line>
      <![CDATA[Harry Potter and the Prisoner of Azkaban (Harry Potter 3)]]>
    </line>
    <line>
      <![CDATA[Harry Potter and the Chamber of Secrets (Harry Potter 2)]]>
    </line>
    <line>
      <![CDATA[Harry Potter and the Order of the Phoenix (Harry Potter 5)]]>
    </line>
    <line>
      <![CDATA[The Tales of Beedle the Bard]]>
    </line>
    <line>
      <![CDATA[Fantastic Beasts and Where to Find Them: The Original Screenplay]]>
    </line>
    <line>
      <![CDATA[Harry Potter and the Half Blood Prince]]>
    </line>
    <line>
      <![CDATA[Harry Potter Ane Shapit Putra]]>
    </line>
    <line>
      <![CDATA[Harry Potter 7 Volume Box Set + Hogwarts Library]]>
    </line>
    <line>
      <![CDATA[Harry Potter and the Cursed Child - Parts One and Two: The Official Playscript of the Original West End Production (Harry Potter Officl Playscript)]]>
    </line>
    <line>
      <![CDATA[Harry Potter And The Deathly Hallows (Harry Potter 7) + Harry Potter And The Chamber Of Secrets (Harry Potter 2) (Set of 2 Books)]]>
    </line>
    <line>
      <![CDATA[Harry Potter And The Deathly Hallows (Harry Potter 7) + Harry Potter And The Half Blood Prince + Harry Potter And The Goblet Of Fire (Harry Potter 4) (Set of 3 Books)]]>
    </line>
    <line>
      <![CDATA[Harry Potter And The Half Blood Prince + Harry Potter And The Order Of The Phoenix (Harry Potter 5) (Set of 2 Books)]]>
    </line>
    <line>
      <![CDATA[Harry Potter And The Deathly Hallows (Harry Potter 7) + Harry Potter And The Order Of The Phoenix (Harry Potter 5) + Harry Potter And The Goblet Of Fire (Harry Potter 4) (Set of 3 Books)]]>
    </line>
    <line>
      <![CDATA[Harry Potter and the Order of the Phoenix – Slytherin Edition (House Edition Slytherin)]]>
    </line>
    <line>
      <![CDATA[The Funfair of Fear! - A Measle Stubbs Adventure]]>
    </line>
    <line>
      <![CDATA[The Giver Boxed Set: The Giver, Gathering Blue, Messenger, Son (The Giver Quartet)]]>
    </line>
    <line>
      <![CDATA[₹665]]>
    </line>
    <line>
      <![CDATA[₹262]]>
    </line>
    <line>
      <![CDATA[₹0]]>
    </line>
    <line>
      <![CDATA[₹0]]>
    </line>
    <line>
      <![CDATA[₹4,356
06]]>
    </line>
    <line>
      <![CDATA[₹6,388]]>
    </line>
    <line>
      <![CDATA[₹436]]>
    </line>
    <line>
      <![CDATA[₹0]]>
    </line>
    <line>
      <![CDATA[₹0]]>
    </line>
    <line>
      <![CDATA[₹2,665]]>
    </line>
    <line>
      <![CDATA[₹799]]>
    </line>
    <line>
      <![CDATA[₹8,191]]>
    </line>
    <line>
      <![CDATA[₹473]]>
    </line>
    <line>
      <![CDATA[₹689]]>
    </line>
    <line>
      <![CDATA[₹307]]>
    </line>
    <line>
      <![CDATA[₹0]]>
    </line>
    <line>
      <![CDATA[₹0]]>
    </line>
    <line>
      <![CDATA[₹302]]>
    </line>
    <line>
      <![CDATA[₹93]]>
    </line>
    <line>
      <![CDATA[₹0]]>
    </line>
    <line>
      <![CDATA[₹553]]>
    </line>
    <line>
      <![CDATA[₹0]]>
    </line>
    <line>
      <![CDATA[₹0]]>
    </line>
    <line>
      <![CDATA[₹487]]>
    </line>
    <line>
      <![CDATA[₹333]]>
    </line>
    <line>
      <![CDATA[₹435]]>
    </line>
    <line>
      <![CDATA[₹0]]>
    </line>
    <line>
      <![CDATA[₹0]]>
    </line>
    <line>
      <![CDATA[₹309]]>
    </line>
    <line>
      <![CDATA[₹3,790]]>
    </line>
    <line>
      <![CDATA[₹315]]>
    </line>
    <line>
      <![CDATA[₹0]]>
    </line>
    <line>
      <![CDATA[₹761]]>
    </line>
    <line>
      <![CDATA[₹1,330]]>
    </line>
    <line>
      <![CDATA[₹958]]>
    </line>
    <line>
      <![CDATA[₹1,404]]>
    </line>
    <line>
      <![CDATA[₹779]]>
    </line>
    <line>
      <![CDATA[₹719]]>
    </line>
    <line>
      <![CDATA[₹809]]>
    </line>
    <line>
      <![CDATA[Benesta Wooden Tabletop Ironing Board]]>
    </line>
    <line>
      <![CDATA[Sajani Wooden Henger (80)]]>
    </line>
    <line>
      <![CDATA[Rosemoore Scented Wooden Balls with Sandalwood & Cedar Fragrance for Home and Office]]>
    </line>
    <line>
      <![CDATA[DFR Handmade Wooden -Leatherite Black Colour Coaster- Set of 6 for Home Kitchen Office Desk (4x4 inch) Pack of 6]]>
    </line>
    <line>
      <![CDATA[DECORVAIZ Wooden Premium Quality Handmade Kitchen Cooking Spatula, Non Stick Serving Set of 7, 28CM|2 Frying|1 Serving|1 Spatula|1 Chapati Spoon|1 Desert|1 Rice]]>
    </line>
    <line>
      <![CDATA[The Indus Valley Wooden Spoon for Cooking [ Stirrer / 30cm / Neem Wood ]]]>
    </line>
    <line>
      <![CDATA[Simran Handicrafts ARMAN SPOONS - Believe in Quality Royal Teak Wood Brown Nonstick Cooking Spatula - Set of 2]]>
    </line>
    <line>
      <![CDATA[WOOD ART STORE Handmade Wooden Serving and Cooking Spoon Kitchen Utensil Set of 5]]>
    </line>
    <line>
      <![CDATA[Raja handicraft Wooden Masala Spoon, Brown - Set of 6]]>
    </line>
    <line>
      <![CDATA[]]>
    </line>
    <line>
      <![CDATA[]]>
    </line>
    <line>
      <![CDATA[ExclusiveLane Sheesham Wooden Table Top Masala Dabba Containers Jars & Wooden Masala Box for Kitchen Masala Dani Wooden Spice Box Set for Kitchen with Spoon (9 Small Partitions, Non Detachable, Brown)]]>
    </line>
    <line>
      <![CDATA[Jk Handicrafts Handmade Wooden Non-Stick Serving and Cooking Spoon Kitchen Tools Utensil, Set of 4]]>
    </line>
    <line>
      <![CDATA[Vintage Wooden Multipurpose Folding Rack/Plant Stand with 3 Decks/Living Room Side Stand/Wooden Stool/Flower Pot Stand/Vase Stand Plant Stand for Garden and Outdoors]]>
    </line>
    <line>
      <![CDATA[Classic Shoppe Wooden Serving and Cooking Spoons Wood Brown Spoons Kitchen Utensil Set of 7]]>
    </line>
    <line>
      <![CDATA[Decorlay Wooden Natural Cooking Spoon, Ladles & Turning Spatulas with Jar Set of 8 |Brown]]>
    </line>
    <line>
      <![CDATA[SZHC® Handmade Wooden Non-Stick Serving and Cooking Spoon Set of 7 (Brown)]]>
    </line>
    <line>
      <![CDATA[Rozia Pro Hair Brush Wooden Detangling Brushes Natural Detangler Paddle Hairbrush for Women Men Kids Stimulate Scalp Help Growth Add Hair Shine.(Brown)]]>
    </line>
    <line>
      <![CDATA[Raja handicraft Wooden Small Sisam Masala Spoon - Set of 5]]>
    </line>
    <line>
      <![CDATA[SZHC Beautiful Antique Wooden Folding Side Table (Brown)]]>
    </line>
    <line>
      <![CDATA[WOOD ART STORE Wooden sheesham Wood Serving Trays for Dining Table (Brown-12x8x1.5 inch)]]>
    </line>
    <line>
      <![CDATA[Serenz Indian Rosewood Sheesham Wood Handmade & Handcrafted Wooden Serving Tray(12X9inches)]]>
    </line>
    <line>
      <![CDATA[Savya home­® Multi-Purpose Laptop Table with Drawer/Bed Table/Wooden Foldable Bed Table/LAPDESK/Study Table/Portable Table (Black and Silver Stripes)]]>
    </line>
    <line>
      <![CDATA[classic shoppee ABE Handicrafts Wooden Matte Handcrafted Square Antique Finish Folding Stool for Living Room (Dark Brown, 12" inch)]]>
    </line>
    <line>
      <![CDATA[Amazon Brand - Solimo Medusa Engineered Wood King Bed with Box Storage (Walnut finish)]]>
    </line>
    <line>
      <![CDATA[Amazon Brand - Solimo Medusa Engineered Wood 3 Door Wardrobe (Walnut finish)]]>
    </line>
    <line>
      <![CDATA[Amazon Brand - Lindsay 4 Door Engineered Wood Wardrobe with Drawers and Mirror (Wenge finish)]]>
    </line>
    <line>
      <![CDATA[The Truffle Co Truffle Slicer]]>
    </line>
    <line>
      <![CDATA[ECOPAL - Multipurpose Wooden Cooking Spoon Utensils Set for Non Stick cookware and Serving - Handmade Wooden Spatula - Pack of 3]]>
    </line>
    <line>
      <![CDATA[Generic Imported Authentic Standard Wooden 12 Colors Set (120 Pieces)]]>
    </line>
    <line>
      <![CDATA[Faiz Products Wooden Spice Box/Masala Box Containers with Spoon for Kitchen Storage 1 Piece Spice Set (Wooden) 1 Piece Spice Set (Wooden)]]>
    </line>
    <line>
      <![CDATA[MUSSAL Wooden Handmade Kitchen Cooking Spatule Non Stick Serving Set of 7 & Condiments Masala Spoon Ice-Cream Sugar Salt Spoons Small Spoons (10 pcs)]]>
    </line>
    <line>
      <![CDATA[Trustware™ Wooden Support Sticks for Plants/Plant Creepers/Climbers/Plant Stem Support/Climbing Support for Home Indoor & Outdoor Plants-Size 3 feet||12 Pcs]]>
    </line>
    <line>
      <![CDATA[VG CRAFT Wooden Condiments Masala Spoon Ice-Cream Sugar Salt Spoons Small Spoons (10 pcs)]]>
    </line>
    <line>
      <![CDATA[ECOPAL - Wooden Cooking Spoon Utensils Set for Non Stick cookware - Handmade Teak Wood Spatula - Pack of 2]]>
    </line>
    <line>
      <![CDATA[DREAMWIND Neem Wooden Comb Set for Women & Men | Hair Growth |Anti-Dandruff (Pack of 5)]]>
    </line>
    <line>
      <![CDATA[Cable World® Zenga Wooden Blocks 54 Pcs Challenging Color Wooden Tumbling Tower, Toys with Dices Board Educational Puzzle Game ( Multi Color )]]>
    </line>
    <line>
      <![CDATA[Wooden City Wooden Living Room Side Stand/Wooden Stool/Flower Pot Stand Flower Vase Stand Home Decor Home Furnishing Wooden Multipurpose Folding Rack/Plant Stand]]>
    </line>
    <line>
      <![CDATA[Jk Handicrafts Handmade Wooden Jewellery Box for Women Wood Jewel Organizer Hand Carved with Intricate Carvings Gift Items - 6 inches (Brown02)]]>
    </line>
    <line>
      <![CDATA[TARKAN Foldable Wooden Laptop Desk for Bed (Walnut Black)]]>
    </line>
    <line>
      <![CDATA[SLK Wood Products Wooden Jewellery and Watch Box (Rosewood, 10 Watches)]]>
    </line>
    <line>
      <![CDATA[ITOS365 Handmade Wooden Jewellery Box for Women Jewel Organizer Hand Carved Carvings Gift Items]]>
    </line>
    <line>
      <![CDATA[Naanjil Eco Friendly Wooden Rural Kitchen Toy Set for Kids, Multi-Colour, Pack of 32]]>
    </line>
    <line>
      <![CDATA[Wooden: A Coach's Life]]>
    </line>
    <line>
      <![CDATA[Zircon Thick Wooden Bamboo Kitchen Chopping, Cutting, Slicing Board with Holder for Fruits, Vegetables & Meat]]>
    </line>
    <line>
      <![CDATA[Wonder Spot (150 Sticks, 8 Inch, 3MM) Wooden Barbecue Sticks Natural Bamboo Skewers BBQ Roast Kabab Grill Chicken Tikka Fruit Salad]]>
    </line>
    <line>
      <![CDATA[Simran handicrafts Wooden Spoon Non-Toxic Spatula |Spoons, Wooden Cooking Spoons Set of 2 - Flip Flap (Palta for Dosa/Roti | Handmade | Ideal for Non Stick)]]>
    </line>
    <line>
      <![CDATA[Pindia Small Fancy Traditional Wooden Full Carved shingaar Box Set of 2]]>
    </line>
    <line>
      <![CDATA[wishkey wooden learning clock with bead lace , educational digital analog numbers, shape & color learning montessori toy for kids- Multi color(Pack of 1)]]>
    </line>
    <line>
      <![CDATA[natureCRAFTS Wooden Salt Box for Kitchen or Dining Table Spice and Herb Container | Single Compartment for Salt & Pepper, Jar & Container (size: 3.75 x 3.8 in)]]>
    </line>
    <line>
      <![CDATA[Kitchen King Sizzler Tray/Plate with Wooden Base and Cast Iron Plate, (Sheesham) 13X7 Inch,Brown]]>
    </line>
    <line>
      <![CDATA[JB KIARA TEXTILES Thick Wooden Bamboo Kitchen Chopping Cutting Slicing Board with Holder for Fruits Vegetables Meat]]>
    </line>
    <line>
      <![CDATA[Craftatoz Handmade Wooden Non-Stick Serving and Cooking Spoon Kitchen Tools Utensil, Set of 6]]>
    </line>
    <line>
      <![CDATA[Simran Handicrafts Beautiful Table Decor Round Shape Wooden Serving Tray/Platter for Home and Kitchen]]>
    </line>
    <line>
      <![CDATA[The Legend Organic Pure Neem Wood Comb, Brown]]>
    </line>
    <line>
      <![CDATA[Dr Smith Wooden Bed Study Table Multifunction Laptop Table Lapdesk for Bed Foldabe Table Work Office/Home(Brown)]]>
    </line>
    <line>
      <![CDATA[Unique Shape Marvel Avengers Infinity War Pot Groot Wooden Look Tree Flowerpot Cum Pen Container- Tree Man]]>
    </line>
    <line>
      <![CDATA[MUSSAL Wooden Condiments Masala Spoon Ice-Cream Sugar Salt Spoons Small Spoons (10 pcs)]]>
    </line>
    <line>
      <![CDATA[ITOS365 Jewellery Box for Women Wooden Flip Flap Flower Design Handmade Gift, 8 inches]]>
    </line>
    <line>
      <![CDATA[RIDIQA Analog Brown Dial Men's Watch-RD-218]]>
    </line>
    <line>
      <![CDATA[RICHTER® Wooden Natural DUSTBIN]]>
    </line>
    <line>
      <![CDATA[Amazon Brand - Solimo Vega Engineered Wood 2 Door Wardrobe with Drawer]]>
    </line>
    <line>
      <![CDATA[Pioneer's Krisan Stainless Steel LPG Trolley]]>
    </line>
    <line>
      <![CDATA[DECORT Pine Wood Gift Basket with Jute Rope Handle and Dried Grass - 10 in x 14 in x 4 in - Fancy Handmade Rectangular Basket ideal for Gifting and Storing Toys, Fruits, Stationery (Brown)]]>
    </line>
    <line>
      <![CDATA[₹799]]>
    </line>
    <line>
      <![CDATA[₹4,699]]>
    </line>
    <line>
      <![CDATA[₹280]]>
    </line>
    <line>
      <![CDATA[₹699]]>
    </line>
    <line>
      <![CDATA[₹105]]>
    </line>
    <line>
      <![CDATA[₹205]]>
    </line>
    <line>
      <![CDATA[₹199]]>
    </line>
    <line>
      <![CDATA[₹226]]>
    </line>
    <line>
      <![CDATA[₹199]]>
    </line>
    <line>
      <![CDATA[]]>
    </line>
    <line>
      <![CDATA[]]>
    </line>
    <line>
      <![CDATA[₹899]]>
    </line>
    <line>
      <![CDATA[₹219]]>
    </line>
    <line>
      <![CDATA[₹355]]>
    </line>
    <line>
      <![CDATA[₹96]]>
    </line>
    <line>
      <![CDATA[₹504]]>
    </line>
    <line>
      <![CDATA[₹167]]>
    </line>
    <line>
      <![CDATA[₹334]]>
    </line>
    <line>
      <![CDATA[₹199]]>
    </line>
    <line>
      <![CDATA[₹399]]>
    </line>
    <line>
      <![CDATA[₹199]]>
    </line>
    <line>
      <![CDATA[₹185]]>
    </line>
    <line>
      <![CDATA[₹599]]>
    </line>
    <line>
      <![CDATA[₹372]]>
    </line>
    <line>
      <![CDATA[₹10,999]]>
    </line>
    <line>
      <![CDATA[₹11,999]]>
    </line>
    <line>
      <![CDATA[₹18,599]]>
    </line>
    <line>
      <![CDATA[₹800]]>
    </line>
    <line>
      <![CDATA[₹299]]>
    </line>
    <line>
      <![CDATA[₹248]]>
    </line>
    <line>
      <![CDATA[₹480]]>
    </line>
    <line>
      <![CDATA[₹149]]>
    </line>
    <line>
      <![CDATA[₹395]]>
    </line>
    <line>
      <![CDATA[₹160]]>
    </line>
    <line>
      <![CDATA[₹199]]>
    </line>
    <line>
      <![CDATA[₹388]]>
    </line>
    <line>
      <![CDATA[₹499]]>
    </line>
    <line>
      <![CDATA[₹374]]>
    </line>
    <line>
      <![CDATA[₹269]]>
    </line>
    <line>
      <![CDATA[₹699]]>
    </line>
    <line>
      <![CDATA[₹1,499]]>
    </line>
    <line>
      <![CDATA[₹328]]>
    </line>
    <line>
      <![CDATA[₹249]]>
    </line>
    <line>
      <![CDATA[₹469
99]]>
    </line>
    <line>
      <![CDATA[₹425]]>
    </line>
    <line>
      <![CDATA[₹169]]>
    </line>
    <line>
      <![CDATA[₹108]]>
    </line>
    <line>
      <![CDATA[₹199]]>
    </line>
    <line>
      <![CDATA[₹265]]>
    </line>
    <line>
      <![CDATA[₹390]]>
    </line>
    <line>
      <![CDATA[₹468]]>
    </line>
    <line>
      <![CDATA[₹192]]>
    </line>
    <line>
      <![CDATA[₹489]]>
    </line>
    <line>
      <![CDATA[₹370]]>
    </line>
    <line>
      <![CDATA[₹165]]>
    </line>
    <line>
      <![CDATA[₹699]]>
    </line>
    <line>
      <![CDATA[₹275]]>
    </line>
    <line>
      <![CDATA[₹69]]>
    </line>
    <line>
      <![CDATA[₹499]]>
    </line>
    <line>
      <![CDATA[₹299]]>
    </line>
    <line>
      <![CDATA[₹1,599]]>
    </line>
    <line>
      <![CDATA[₹9,699]]>
    </line>
    <line>
      <![CDATA[₹1,300]]>
    </line>
    <line>
      <![CDATA[₹899]]>
    </line>
    <line>
      <![CDATA[Samsung Galaxy M51 (Electric Blue, 8GB RAM, 128GB Storage) Flat INR 3000 Instant Discount | No Cost EMI]]>
    </line>
    <line>
      <![CDATA[Samsung Galaxy M31 (Ocean Blue, 6GB RAM, 128GB Storage)]]>
    </line>
    <line>
      <![CDATA[Redmi 9 (Sky Blue, 4GB RAM, 64GB Storage)| 5000 mAh| 2.3GHz Mediatek Helio G35 Octa core Processor]]>
    </line>
    <line>
      <![CDATA[Redmi 9A (Nature Green, 2GB Ram, 32GB Storage) | 2GHz Octa-core Helio G25 Processor]]>
    </line>
    <line>
      <![CDATA[Oppo A31 (Fantasy White, 6GB RAM, 128GB Storage) with No Cost EMI/Additional Exchange Offers]]>
    </line>
    <line>
      <![CDATA[Samsung Galaxy M31 (Ocean Blue, 6GB RAM, 128GB Storage)]]>
    </line>
    <line>
      <![CDATA[Oppo A31 (Mystery Black, 6GB RAM, 128GB Storage) with No Cost EMI/Additional Exchange Offers]]>
    </line>
    <line>
      <![CDATA[Redmi Note 9 (Pebble Grey, 4GB RAM 64GB Storage) - 48MP Quad Camera & Full HD+ Display]]>
    </line>
    <line>
      <![CDATA[Samsung Galaxy M01 Core (Black, 2GB RAM, 32GB Storage) with No Cost EMI/Additional Exchange Offers]]>
    </line>
    <line>
      <![CDATA[Redmi 9 Prime (Matte Black, 4GB RAM, 64GB Storage) - Full HD+ Display & AI Quad Camera]]>
    </line>
    <line>
      <![CDATA[Samsung Galaxy M21 (Midnight Blue, 4GB RAM, 64GB Storage)]]>
    </line>
    <line>
      <![CDATA[Panasonic Eluga i7 (2GB RAM, 16GB Storage, Finger Print Sensor, 4000mAh Battery) (Black)]]>
    </line>
    <line>
      <![CDATA[Samsung Galaxy M12 (Blue,4GB RAM, 64GB Storage) 6000 mAh with 8nm Processor | True 48 MP Quad Camera | 90Hz Refresh Rate]]>
    </line>
    <line>
      <![CDATA[Redmi 9 (Carbon Black, 4GB RAM, 64GB Storage) | 5000 mAh| 2.3GHz Mediatek Helio G35 Octa core Processor]]>
    </line>
    <line>
      <![CDATA[New Apple iPhone 12 Mini (64GB) - White]]>
    </line>
    <line>
      <![CDATA[Samsung Galaxy M11 (Metallic Blue, 4GB RAM, 64GB Storage) with No Cost EMI/Additional Exchange Offers]]>
    </line>
    <line>
      <![CDATA[OnePlus Nord 5G (Blue Marble, 12GB RAM, 256GB Storage)]]>
    </line>
    <line>
      <![CDATA[Redmi Note 10 (Shadow Black, 6GB RAM, 128GB Storage)]]>
    </line>
    <line>
      <![CDATA[Samsung Galaxy M12 (Blue,6GB RAM, 128GB Storage) 6000 mAh with 8nm Processor | True 48 MP Quad Camera | 90Hz Refresh Rate]]>
    </line>
    <line>
      <![CDATA[Redmi 9A (Midnight Black, 2GB RAM, 32GB Storage) | 2GHz Octa-core Helio G25 Processor]]>
    </line>
    <line>
      <![CDATA[OnePlus Nord 5G (Gray Onyx, 12GB RAM, 256GB Storage)]]>
    </line>
    <line>
      <![CDATA[Samsung Galaxy M31 (Space Black, 6GB RAM, 128GB Storage)]]>
    </line>
    <line>
      <![CDATA[Samsung Galaxy M31s (Mirage Blue, 6GB RAM, 128GB Storage)]]>
    </line>
    <line>
      <![CDATA[Redmi 9A (Sea Blue, 3GB Ram, 32GB Storage) | 2GHz Octa-core Helio G25 Processor]]>
    </line>
    <line>
      <![CDATA[Samsung Galaxy M02s (Blue,4GB RAM, 64GB Storage) | 5000 mAh | Triple Camera]]>
    </line>
    <line>
      <![CDATA[Redmi 9A (Sea Blue, 2GB Ram, 32GB Storage) | 2GHz Octa-core Helio G25 Processor]]>
    </line>
    <line>
      <![CDATA[Redmi 9A (Midnight Black, 3GB Ram, 32GB Storage) | 2GHz Octa-core Helio G25 Processor]]>
    </line>
    <line>
      <![CDATA[Redmi 9A (Nature Green, 3GB Ram, 32GB Storage) | 2GHz Octa-core Helio G25 Processor]]>
    </line>
    <line>
      <![CDATA[Samsung Galaxy S21 Ultra 5G (Phantom Silver, 12GB, 256GB Storage)]]>
    </line>
    <line>
      <![CDATA[Mi 11X Pro (Lunar White, 8GB RAM, 128GB Storage) | Upto INR 4000 Off on HDFC Bank Cards and EMI | Upto 12 Months No Cost EMI]]>
    </line>
    <line>
      <![CDATA[₹22,999]]>
    </line>
    <line>
      <![CDATA[₹13,999]]>
    </line>
    <line>
      <![CDATA[₹8,499]]>
    </line>
    <line>
      <![CDATA[₹6,799]]>
    </line>
    <line>
      <![CDATA[₹10,990]]>
    </line>
    <line>
      <![CDATA[₹13,999]]>
    </line>
    <line>
      <![CDATA[₹10,990]]>
    </line>
    <line>
      <![CDATA[₹10,999]]>
    </line>
    <line>
      <![CDATA[₹6,199]]>
    </line>
    <line>
      <![CDATA[₹9,499]]>
    </line>
    <line>
      <![CDATA[₹12,499]]>
    </line>
    <line>
      <![CDATA[₹5,000]]>
    </line>
    <line>
      <![CDATA[₹9,999]]>
    </line>
    <line>
      <![CDATA[₹8,499]]>
    </line>
    <line>
      <![CDATA[₹58,999]]>
    </line>
    <line>
      <![CDATA[₹8,999]]>
    </line>
    <line>
      <![CDATA[₹29,999]]>
    </line>
    <line>
      <![CDATA[₹14,499]]>
    </line>
    <line>
      <![CDATA[₹12,499]]>
    </line>
    <line>
      <![CDATA[₹6,799]]>
    </line>
    <line>
      <![CDATA[₹29,999]]>
    </line>
    <line>
      <![CDATA[₹13,999]]>
    </line>
    <line>
      <![CDATA[₹16,999]]>
    </line>
    <line>
      <![CDATA[₹7,499]]>
    </line>
    <line>
      <![CDATA[₹9,999]]>
    </line>
    <line>
      <![CDATA[₹7,499]]>
    </line>
    <line>
      <![CDATA[₹7,499]]>
    </line>
    <line>
      <![CDATA[₹1,05,999]]>
    </line>
    <line>
      <![CDATA[₹39,999]]>
    </line>
  </reporter-output>
  <suite name="Automation Testing" duration-ms="95613" started-at="2021-05-04T05:58:23Z" finished-at="2021-05-04T05:59:58Z">
    <groups>
    </groups>
    <test name="Functional testing1" duration-ms="95613" started-at="2021-05-04T05:58:23Z" finished-at="2021-05-04T05:59:58Z">
      <class name="com.qa.testscripts.TC_AmazonSearch_01">
        <test-method status="PASS" signature="setUp(java.lang.String, java.lang.String)[pri:0, instance:com.qa.testscripts.TC_AmazonSearch_01@42dafa95]" name="setUp" is-config="true" duration-ms="23761" started-at="2021-05-04T05:58:23Z" finished-at="2021-05-04T05:58:47Z">
          <params>
            <param index="0">
              <value>
                <![CDATA[chrome]]>
              </value>
            </param>
            <param index="1">
              <value>
                <![CDATA[https://amazon.in/]]>
              </value>
            </param>
          </params>
          <reporter-output>
          </reporter-output>
        </test-method> <!-- setUp -->
        <test-method status="PASS" signature="searchItem(java.lang.String, java.lang.String)[pri:0, instance:com.qa.testscripts.TC_AmazonSearch_01@42dafa95]" name="searchItem" duration-ms="26231" started-at="2021-05-04T05:58:47Z" data-provider="supplyData" finished-at="2021-05-04T05:59:13Z">
          <params>
            <param index="0">
              <value>
                <![CDATA[Books]]>
              </value>
            </param>
            <param index="1">
              <value>
                <![CDATA[harry potor]]>
              </value>
            </param>
          </params>
          <reporter-output>
            <line>
              <![CDATA[Harry Potter and the Order of the Phoenix – Gryffindor Edition (House Edition Gryffindor)]]>
            </line>
            <line>
              <![CDATA[Harry Potter and the Philosopher's Stone]]>
            </line>
            <line>
              <![CDATA[Harry Potter and the Sorcerer's Stone / Harry Potter and the Chamber of Secrets / Harry Poter and the Prisoner of Azkaban]]>
            </line>
            <line>
              <![CDATA[Harry Potter and the Goblet of Fire (Harry Potter 4)]]>
            </line>
            <line>
              <![CDATA[Harry Potter Box Set: The Complete Collection (Children’s Paperback) (Set of 7 Volumes)]]>
            </line>
            <line>
              <![CDATA[Harry Potter and the Order of the Phoenix – Ravenclaw Edition (House Edition Ravenclaw)]]>
            </line>
            <line>
              <![CDATA[Harry Potter and the Prisoner of Azkaban (Harry Potter 3)]]>
            </line>
            <line>
              <![CDATA[Harry Potter and the Chamber of Secrets (Harry Potter 2)]]>
            </line>
            <line>
              <![CDATA[Harry Potter and the Order of the Phoenix (Harry Potter 5)]]>
            </line>
            <line>
              <![CDATA[The Tales of Beedle the Bard]]>
            </line>
            <line>
              <![CDATA[Fantastic Beasts and Where to Find Them: The Original Screenplay]]>
            </line>
            <line>
              <![CDATA[Harry Potter and the Half Blood Prince]]>
            </line>
            <line>
              <![CDATA[Harry Potter Ane Shapit Putra]]>
            </line>
            <line>
              <![CDATA[Harry Potter 7 Volume Box Set + Hogwarts Library]]>
            </line>
            <line>
              <![CDATA[Harry Potter and the Cursed Child - Parts One and Two: The Official Playscript of the Original West End Production (Harry Potter Officl Playscript)]]>
            </line>
            <line>
              <![CDATA[Harry Potter And The Deathly Hallows (Harry Potter 7) + Harry Potter And The Chamber Of Secrets (Harry Potter 2) (Set of 2 Books)]]>
            </line>
            <line>
              <![CDATA[Harry Potter And The Deathly Hallows (Harry Potter 7) + Harry Potter And The Half Blood Prince + Harry Potter And The Goblet Of Fire (Harry Potter 4) (Set of 3 Books)]]>
            </line>
            <line>
              <![CDATA[Harry Potter And The Half Blood Prince + Harry Potter And The Order Of The Phoenix (Harry Potter 5) (Set of 2 Books)]]>
            </line>
            <line>
              <![CDATA[Harry Potter And The Deathly Hallows (Harry Potter 7) + Harry Potter And The Order Of The Phoenix (Harry Potter 5) + Harry Potter And The Goblet Of Fire (Harry Potter 4) (Set of 3 Books)]]>
            </line>
            <line>
              <![CDATA[Harry Potter and the Order of the Phoenix – Slytherin Edition (House Edition Slytherin)]]>
            </line>
            <line>
              <![CDATA[The Funfair of Fear! - A Measle Stubbs Adventure]]>
            </line>
            <line>
              <![CDATA[The Giver Boxed Set: The Giver, Gathering Blue, Messenger, Son (The Giver Quartet)]]>
            </line>
            <line>
              <![CDATA[₹665]]>
            </line>
            <line>
              <![CDATA[₹262]]>
            </line>
            <line>
              <![CDATA[₹0]]>
            </line>
            <line>
              <![CDATA[₹0]]>
            </line>
            <line>
              <![CDATA[₹4,356
06]]>
            </line>
            <line>
              <![CDATA[₹6,388]]>
            </line>
            <line>
              <![CDATA[₹436]]>
            </line>
            <line>
              <![CDATA[₹0]]>
            </line>
            <line>
              <![CDATA[₹0]]>
            </line>
            <line>
              <![CDATA[₹2,665]]>
            </line>
            <line>
              <![CDATA[₹799]]>
            </line>
            <line>
              <![CDATA[₹8,191]]>
            </line>
            <line>
              <![CDATA[₹473]]>
            </line>
            <line>
              <![CDATA[₹689]]>
            </line>
            <line>
              <![CDATA[₹307]]>
            </line>
            <line>
              <![CDATA[₹0]]>
            </line>
            <line>
              <![CDATA[₹0]]>
            </line>
            <line>
              <![CDATA[₹302]]>
            </line>
            <line>
              <![CDATA[₹93]]>
            </line>
            <line>
              <![CDATA[₹0]]>
            </line>
            <line>
              <![CDATA[₹553]]>
            </line>
            <line>
              <![CDATA[₹0]]>
            </line>
            <line>
              <![CDATA[₹0]]>
            </line>
            <line>
              <![CDATA[₹487]]>
            </line>
            <line>
              <![CDATA[₹333]]>
            </line>
            <line>
              <![CDATA[₹435]]>
            </line>
            <line>
              <![CDATA[₹0]]>
            </line>
            <line>
              <![CDATA[₹0]]>
            </line>
            <line>
              <![CDATA[₹309]]>
            </line>
            <line>
              <![CDATA[₹3,790]]>
            </line>
            <line>
              <![CDATA[₹315]]>
            </line>
            <line>
              <![CDATA[₹0]]>
            </line>
            <line>
              <![CDATA[₹761]]>
            </line>
            <line>
              <![CDATA[₹1,330]]>
            </line>
            <line>
              <![CDATA[₹958]]>
            </line>
            <line>
              <![CDATA[₹1,404]]>
            </line>
            <line>
              <![CDATA[₹779]]>
            </line>
            <line>
              <![CDATA[₹719]]>
            </line>
            <line>
              <![CDATA[₹809]]>
            </line>
          </reporter-output>
        </test-method> <!-- searchItem -->
        <test-method status="PASS" signature="searchItem(java.lang.String, java.lang.String)[pri:0, instance:com.qa.testscripts.TC_AmazonSearch_01@42dafa95]" name="searchItem" duration-ms="31080" started-at="2021-05-04T05:59:13Z" data-provider="supplyData" finished-at="2021-05-04T05:59:44Z">
          <params>
            <param index="0">
              <value>
                <![CDATA[Furniture]]>
              </value>
            </param>
            <param index="1">
              <value>
                <![CDATA[wooden]]>
              </value>
            </param>
          </params>
          <reporter-output>
            <line>
              <![CDATA[Benesta Wooden Tabletop Ironing Board]]>
            </line>
            <line>
              <![CDATA[Sajani Wooden Henger (80)]]>
            </line>
            <line>
              <![CDATA[Rosemoore Scented Wooden Balls with Sandalwood & Cedar Fragrance for Home and Office]]>
            </line>
            <line>
              <![CDATA[DFR Handmade Wooden -Leatherite Black Colour Coaster- Set of 6 for Home Kitchen Office Desk (4x4 inch) Pack of 6]]>
            </line>
            <line>
              <![CDATA[DECORVAIZ Wooden Premium Quality Handmade Kitchen Cooking Spatula, Non Stick Serving Set of 7, 28CM|2 Frying|1 Serving|1 Spatula|1 Chapati Spoon|1 Desert|1 Rice]]>
            </line>
            <line>
              <![CDATA[The Indus Valley Wooden Spoon for Cooking [ Stirrer / 30cm / Neem Wood ]]]>
            </line>
            <line>
              <![CDATA[Simran Handicrafts ARMAN SPOONS - Believe in Quality Royal Teak Wood Brown Nonstick Cooking Spatula - Set of 2]]>
            </line>
            <line>
              <![CDATA[WOOD ART STORE Handmade Wooden Serving and Cooking Spoon Kitchen Utensil Set of 5]]>
            </line>
            <line>
              <![CDATA[Raja handicraft Wooden Masala Spoon, Brown - Set of 6]]>
            </line>
            <line>
              <![CDATA[]]>
            </line>
            <line>
              <![CDATA[]]>
            </line>
            <line>
              <![CDATA[ExclusiveLane Sheesham Wooden Table Top Masala Dabba Containers Jars & Wooden Masala Box for Kitchen Masala Dani Wooden Spice Box Set for Kitchen with Spoon (9 Small Partitions, Non Detachable, Brown)]]>
            </line>
            <line>
              <![CDATA[Jk Handicrafts Handmade Wooden Non-Stick Serving and Cooking Spoon Kitchen Tools Utensil, Set of 4]]>
            </line>
            <line>
              <![CDATA[Vintage Wooden Multipurpose Folding Rack/Plant Stand with 3 Decks/Living Room Side Stand/Wooden Stool/Flower Pot Stand/Vase Stand Plant Stand for Garden and Outdoors]]>
            </line>
            <line>
              <![CDATA[Classic Shoppe Wooden Serving and Cooking Spoons Wood Brown Spoons Kitchen Utensil Set of 7]]>
            </line>
            <line>
              <![CDATA[Decorlay Wooden Natural Cooking Spoon, Ladles & Turning Spatulas with Jar Set of 8 |Brown]]>
            </line>
            <line>
              <![CDATA[SZHC® Handmade Wooden Non-Stick Serving and Cooking Spoon Set of 7 (Brown)]]>
            </line>
            <line>
              <![CDATA[Rozia Pro Hair Brush Wooden Detangling Brushes Natural Detangler Paddle Hairbrush for Women Men Kids Stimulate Scalp Help Growth Add Hair Shine.(Brown)]]>
            </line>
            <line>
              <![CDATA[Raja handicraft Wooden Small Sisam Masala Spoon - Set of 5]]>
            </line>
            <line>
              <![CDATA[SZHC Beautiful Antique Wooden Folding Side Table (Brown)]]>
            </line>
            <line>
              <![CDATA[WOOD ART STORE Wooden sheesham Wood Serving Trays for Dining Table (Brown-12x8x1.5 inch)]]>
            </line>
            <line>
              <![CDATA[Serenz Indian Rosewood Sheesham Wood Handmade & Handcrafted Wooden Serving Tray(12X9inches)]]>
            </line>
            <line>
              <![CDATA[Savya home­® Multi-Purpose Laptop Table with Drawer/Bed Table/Wooden Foldable Bed Table/LAPDESK/Study Table/Portable Table (Black and Silver Stripes)]]>
            </line>
            <line>
              <![CDATA[classic shoppee ABE Handicrafts Wooden Matte Handcrafted Square Antique Finish Folding Stool for Living Room (Dark Brown, 12" inch)]]>
            </line>
            <line>
              <![CDATA[Amazon Brand - Solimo Medusa Engineered Wood King Bed with Box Storage (Walnut finish)]]>
            </line>
            <line>
              <![CDATA[Amazon Brand - Solimo Medusa Engineered Wood 3 Door Wardrobe (Walnut finish)]]>
            </line>
            <line>
              <![CDATA[Amazon Brand - Lindsay 4 Door Engineered Wood Wardrobe with Drawers and Mirror (Wenge finish)]]>
            </line>
            <line>
              <![CDATA[The Truffle Co Truffle Slicer]]>
            </line>
            <line>
              <![CDATA[ECOPAL - Multipurpose Wooden Cooking Spoon Utensils Set for Non Stick cookware and Serving - Handmade Wooden Spatula - Pack of 3]]>
            </line>
            <line>
              <![CDATA[Generic Imported Authentic Standard Wooden 12 Colors Set (120 Pieces)]]>
            </line>
            <line>
              <![CDATA[Faiz Products Wooden Spice Box/Masala Box Containers with Spoon for Kitchen Storage 1 Piece Spice Set (Wooden) 1 Piece Spice Set (Wooden)]]>
            </line>
            <line>
              <![CDATA[MUSSAL Wooden Handmade Kitchen Cooking Spatule Non Stick Serving Set of 7 & Condiments Masala Spoon Ice-Cream Sugar Salt Spoons Small Spoons (10 pcs)]]>
            </line>
            <line>
              <![CDATA[Trustware™ Wooden Support Sticks for Plants/Plant Creepers/Climbers/Plant Stem Support/Climbing Support for Home Indoor & Outdoor Plants-Size 3 feet||12 Pcs]]>
            </line>
            <line>
              <![CDATA[VG CRAFT Wooden Condiments Masala Spoon Ice-Cream Sugar Salt Spoons Small Spoons (10 pcs)]]>
            </line>
            <line>
              <![CDATA[ECOPAL - Wooden Cooking Spoon Utensils Set for Non Stick cookware - Handmade Teak Wood Spatula - Pack of 2]]>
            </line>
            <line>
              <![CDATA[DREAMWIND Neem Wooden Comb Set for Women & Men | Hair Growth |Anti-Dandruff (Pack of 5)]]>
            </line>
            <line>
              <![CDATA[Cable World® Zenga Wooden Blocks 54 Pcs Challenging Color Wooden Tumbling Tower, Toys with Dices Board Educational Puzzle Game ( Multi Color )]]>
            </line>
            <line>
              <![CDATA[Wooden City Wooden Living Room Side Stand/Wooden Stool/Flower Pot Stand Flower Vase Stand Home Decor Home Furnishing Wooden Multipurpose Folding Rack/Plant Stand]]>
            </line>
            <line>
              <![CDATA[Jk Handicrafts Handmade Wooden Jewellery Box for Women Wood Jewel Organizer Hand Carved with Intricate Carvings Gift Items - 6 inches (Brown02)]]>
            </line>
            <line>
              <![CDATA[TARKAN Foldable Wooden Laptop Desk for Bed (Walnut Black)]]>
            </line>
            <line>
              <![CDATA[SLK Wood Products Wooden Jewellery and Watch Box (Rosewood, 10 Watches)]]>
            </line>
            <line>
              <![CDATA[ITOS365 Handmade Wooden Jewellery Box for Women Jewel Organizer Hand Carved Carvings Gift Items]]>
            </line>
            <line>
              <![CDATA[Naanjil Eco Friendly Wooden Rural Kitchen Toy Set for Kids, Multi-Colour, Pack of 32]]>
            </line>
            <line>
              <![CDATA[Wooden: A Coach's Life]]>
            </line>
            <line>
              <![CDATA[Zircon Thick Wooden Bamboo Kitchen Chopping, Cutting, Slicing Board with Holder for Fruits, Vegetables & Meat]]>
            </line>
            <line>
              <![CDATA[Wonder Spot (150 Sticks, 8 Inch, 3MM) Wooden Barbecue Sticks Natural Bamboo Skewers BBQ Roast Kabab Grill Chicken Tikka Fruit Salad]]>
            </line>
            <line>
              <![CDATA[Simran handicrafts Wooden Spoon Non-Toxic Spatula |Spoons, Wooden Cooking Spoons Set of 2 - Flip Flap (Palta for Dosa/Roti | Handmade | Ideal for Non Stick)]]>
            </line>
            <line>
              <![CDATA[Pindia Small Fancy Traditional Wooden Full Carved shingaar Box Set of 2]]>
            </line>
            <line>
              <![CDATA[wishkey wooden learning clock with bead lace , educational digital analog numbers, shape & color learning montessori toy for kids- Multi color(Pack of 1)]]>
            </line>
            <line>
              <![CDATA[natureCRAFTS Wooden Salt Box for Kitchen or Dining Table Spice and Herb Container | Single Compartment for Salt & Pepper, Jar & Container (size: 3.75 x 3.8 in)]]>
            </line>
            <line>
              <![CDATA[Kitchen King Sizzler Tray/Plate with Wooden Base and Cast Iron Plate, (Sheesham) 13X7 Inch,Brown]]>
            </line>
            <line>
              <![CDATA[JB KIARA TEXTILES Thick Wooden Bamboo Kitchen Chopping Cutting Slicing Board with Holder for Fruits Vegetables Meat]]>
            </line>
            <line>
              <![CDATA[Craftatoz Handmade Wooden Non-Stick Serving and Cooking Spoon Kitchen Tools Utensil, Set of 6]]>
            </line>
            <line>
              <![CDATA[Simran Handicrafts Beautiful Table Decor Round Shape Wooden Serving Tray/Platter for Home and Kitchen]]>
            </line>
            <line>
              <![CDATA[The Legend Organic Pure Neem Wood Comb, Brown]]>
            </line>
            <line>
              <![CDATA[Dr Smith Wooden Bed Study Table Multifunction Laptop Table Lapdesk for Bed Foldabe Table Work Office/Home(Brown)]]>
            </line>
            <line>
              <![CDATA[Unique Shape Marvel Avengers Infinity War Pot Groot Wooden Look Tree Flowerpot Cum Pen Container- Tree Man]]>
            </line>
            <line>
              <![CDATA[MUSSAL Wooden Condiments Masala Spoon Ice-Cream Sugar Salt Spoons Small Spoons (10 pcs)]]>
            </line>
            <line>
              <![CDATA[ITOS365 Jewellery Box for Women Wooden Flip Flap Flower Design Handmade Gift, 8 inches]]>
            </line>
            <line>
              <![CDATA[RIDIQA Analog Brown Dial Men's Watch-RD-218]]>
            </line>
            <line>
              <![CDATA[RICHTER® Wooden Natural DUSTBIN]]>
            </line>
            <line>
              <![CDATA[Amazon Brand - Solimo Vega Engineered Wood 2 Door Wardrobe with Drawer]]>
            </line>
            <line>
              <![CDATA[Pioneer's Krisan Stainless Steel LPG Trolley]]>
            </line>
            <line>
              <![CDATA[DECORT Pine Wood Gift Basket with Jute Rope Handle and Dried Grass - 10 in x 14 in x 4 in - Fancy Handmade Rectangular Basket ideal for Gifting and Storing Toys, Fruits, Stationery (Brown)]]>
            </line>
            <line>
              <![CDATA[₹799]]>
            </line>
            <line>
              <![CDATA[₹4,699]]>
            </line>
            <line>
              <![CDATA[₹280]]>
            </line>
            <line>
              <![CDATA[₹699]]>
            </line>
            <line>
              <![CDATA[₹105]]>
            </line>
            <line>
              <![CDATA[₹205]]>
            </line>
            <line>
              <![CDATA[₹199]]>
            </line>
            <line>
              <![CDATA[₹226]]>
            </line>
            <line>
              <![CDATA[₹199]]>
            </line>
            <line>
              <![CDATA[]]>
            </line>
            <line>
              <![CDATA[]]>
            </line>
            <line>
              <![CDATA[₹899]]>
            </line>
            <line>
              <![CDATA[₹219]]>
            </line>
            <line>
              <![CDATA[₹355]]>
            </line>
            <line>
              <![CDATA[₹96]]>
            </line>
            <line>
              <![CDATA[₹504]]>
            </line>
            <line>
              <![CDATA[₹167]]>
            </line>
            <line>
              <![CDATA[₹334]]>
            </line>
            <line>
              <![CDATA[₹199]]>
            </line>
            <line>
              <![CDATA[₹399]]>
            </line>
            <line>
              <![CDATA[₹199]]>
            </line>
            <line>
              <![CDATA[₹185]]>
            </line>
            <line>
              <![CDATA[₹599]]>
            </line>
            <line>
              <![CDATA[₹372]]>
            </line>
            <line>
              <![CDATA[₹10,999]]>
            </line>
            <line>
              <![CDATA[₹11,999]]>
            </line>
            <line>
              <![CDATA[₹18,599]]>
            </line>
            <line>
              <![CDATA[₹800]]>
            </line>
            <line>
              <![CDATA[₹299]]>
            </line>
            <line>
              <![CDATA[₹248]]>
            </line>
            <line>
              <![CDATA[₹480]]>
            </line>
            <line>
              <![CDATA[₹149]]>
            </line>
            <line>
              <![CDATA[₹395]]>
            </line>
            <line>
              <![CDATA[₹160]]>
            </line>
            <line>
              <![CDATA[₹199]]>
            </line>
            <line>
              <![CDATA[₹388]]>
            </line>
            <line>
              <![CDATA[₹499]]>
            </line>
            <line>
              <![CDATA[₹374]]>
            </line>
            <line>
              <![CDATA[₹269]]>
            </line>
            <line>
              <![CDATA[₹699]]>
            </line>
            <line>
              <![CDATA[₹1,499]]>
            </line>
            <line>
              <![CDATA[₹328]]>
            </line>
            <line>
              <![CDATA[₹249]]>
            </line>
            <line>
              <![CDATA[₹469
99]]>
            </line>
            <line>
              <![CDATA[₹425]]>
            </line>
            <line>
              <![CDATA[₹169]]>
            </line>
            <line>
              <![CDATA[₹108]]>
            </line>
            <line>
              <![CDATA[₹199]]>
            </line>
            <line>
              <![CDATA[₹265]]>
            </line>
            <line>
              <![CDATA[₹390]]>
            </line>
            <line>
              <![CDATA[₹468]]>
            </line>
            <line>
              <![CDATA[₹192]]>
            </line>
            <line>
              <![CDATA[₹489]]>
            </line>
            <line>
              <![CDATA[₹370]]>
            </line>
            <line>
              <![CDATA[₹165]]>
            </line>
            <line>
              <![CDATA[₹699]]>
            </line>
            <line>
              <![CDATA[₹275]]>
            </line>
            <line>
              <![CDATA[₹69]]>
            </line>
            <line>
              <![CDATA[₹499]]>
            </line>
            <line>
              <![CDATA[₹299]]>
            </line>
            <line>
              <![CDATA[₹1,599]]>
            </line>
            <line>
              <![CDATA[₹9,699]]>
            </line>
            <line>
              <![CDATA[₹1,300]]>
            </line>
            <line>
              <![CDATA[₹899]]>
            </line>
          </reporter-output>
        </test-method> <!-- searchItem -->
        <test-method status="PASS" signature="searchItem(java.lang.String, java.lang.String)[pri:0, instance:com.qa.testscripts.TC_AmazonSearch_01@42dafa95]" name="searchItem" duration-ms="13285" started-at="2021-05-04T05:59:44Z" data-provider="supplyData" finished-at="2021-05-04T05:59:58Z">
          <params>
            <param index="0">
              <value>
                <![CDATA[Electronics]]>
              </value>
            </param>
            <param index="1">
              <value>
                <![CDATA[mobiles]]>
              </value>
            </param>
          </params>
          <reporter-output>
            <line>
              <![CDATA[Samsung Galaxy M51 (Electric Blue, 8GB RAM, 128GB Storage) Flat INR 3000 Instant Discount | No Cost EMI]]>
            </line>
            <line>
              <![CDATA[Samsung Galaxy M31 (Ocean Blue, 6GB RAM, 128GB Storage)]]>
            </line>
            <line>
              <![CDATA[Redmi 9 (Sky Blue, 4GB RAM, 64GB Storage)| 5000 mAh| 2.3GHz Mediatek Helio G35 Octa core Processor]]>
            </line>
            <line>
              <![CDATA[Redmi 9A (Nature Green, 2GB Ram, 32GB Storage) | 2GHz Octa-core Helio G25 Processor]]>
            </line>
            <line>
              <![CDATA[Oppo A31 (Fantasy White, 6GB RAM, 128GB Storage) with No Cost EMI/Additional Exchange Offers]]>
            </line>
            <line>
              <![CDATA[Samsung Galaxy M31 (Ocean Blue, 6GB RAM, 128GB Storage)]]>
            </line>
            <line>
              <![CDATA[Oppo A31 (Mystery Black, 6GB RAM, 128GB Storage) with No Cost EMI/Additional Exchange Offers]]>
            </line>
            <line>
              <![CDATA[Redmi Note 9 (Pebble Grey, 4GB RAM 64GB Storage) - 48MP Quad Camera & Full HD+ Display]]>
            </line>
            <line>
              <![CDATA[Samsung Galaxy M01 Core (Black, 2GB RAM, 32GB Storage) with No Cost EMI/Additional Exchange Offers]]>
            </line>
            <line>
              <![CDATA[Redmi 9 Prime (Matte Black, 4GB RAM, 64GB Storage) - Full HD+ Display & AI Quad Camera]]>
            </line>
            <line>
              <![CDATA[Samsung Galaxy M21 (Midnight Blue, 4GB RAM, 64GB Storage)]]>
            </line>
            <line>
              <![CDATA[Panasonic Eluga i7 (2GB RAM, 16GB Storage, Finger Print Sensor, 4000mAh Battery) (Black)]]>
            </line>
            <line>
              <![CDATA[Samsung Galaxy M12 (Blue,4GB RAM, 64GB Storage) 6000 mAh with 8nm Processor | True 48 MP Quad Camera | 90Hz Refresh Rate]]>
            </line>
            <line>
              <![CDATA[Redmi 9 (Carbon Black, 4GB RAM, 64GB Storage) | 5000 mAh| 2.3GHz Mediatek Helio G35 Octa core Processor]]>
            </line>
            <line>
              <![CDATA[New Apple iPhone 12 Mini (64GB) - White]]>
            </line>
            <line>
              <![CDATA[Samsung Galaxy M11 (Metallic Blue, 4GB RAM, 64GB Storage) with No Cost EMI/Additional Exchange Offers]]>
            </line>
            <line>
              <![CDATA[OnePlus Nord 5G (Blue Marble, 12GB RAM, 256GB Storage)]]>
            </line>
            <line>
              <![CDATA[Redmi Note 10 (Shadow Black, 6GB RAM, 128GB Storage)]]>
            </line>
            <line>
              <![CDATA[Samsung Galaxy M12 (Blue,6GB RAM, 128GB Storage) 6000 mAh with 8nm Processor | True 48 MP Quad Camera | 90Hz Refresh Rate]]>
            </line>
            <line>
              <![CDATA[Redmi 9A (Midnight Black, 2GB RAM, 32GB Storage) | 2GHz Octa-core Helio G25 Processor]]>
            </line>
            <line>
              <![CDATA[OnePlus Nord 5G (Gray Onyx, 12GB RAM, 256GB Storage)]]>
            </line>
            <line>
              <![CDATA[Samsung Galaxy M31 (Space Black, 6GB RAM, 128GB Storage)]]>
            </line>
            <line>
              <![CDATA[Samsung Galaxy M31s (Mirage Blue, 6GB RAM, 128GB Storage)]]>
            </line>
            <line>
              <![CDATA[Redmi 9A (Sea Blue, 3GB Ram, 32GB Storage) | 2GHz Octa-core Helio G25 Processor]]>
            </line>
            <line>
              <![CDATA[Samsung Galaxy M02s (Blue,4GB RAM, 64GB Storage) | 5000 mAh | Triple Camera]]>
            </line>
            <line>
              <![CDATA[Redmi 9A (Sea Blue, 2GB Ram, 32GB Storage) | 2GHz Octa-core Helio G25 Processor]]>
            </line>
            <line>
              <![CDATA[Redmi 9A (Midnight Black, 3GB Ram, 32GB Storage) | 2GHz Octa-core Helio G25 Processor]]>
            </line>
            <line>
              <![CDATA[Redmi 9A (Nature Green, 3GB Ram, 32GB Storage) | 2GHz Octa-core Helio G25 Processor]]>
            </line>
            <line>
              <![CDATA[Samsung Galaxy S21 Ultra 5G (Phantom Silver, 12GB, 256GB Storage)]]>
            </line>
            <line>
              <![CDATA[Mi 11X Pro (Lunar White, 8GB RAM, 128GB Storage) | Upto INR 4000 Off on HDFC Bank Cards and EMI | Upto 12 Months No Cost EMI]]>
            </line>
            <line>
              <![CDATA[₹22,999]]>
            </line>
            <line>
              <![CDATA[₹13,999]]>
            </line>
            <line>
              <![CDATA[₹8,499]]>
            </line>
            <line>
              <![CDATA[₹6,799]]>
            </line>
            <line>
              <![CDATA[₹10,990]]>
            </line>
            <line>
              <![CDATA[₹13,999]]>
            </line>
            <line>
              <![CDATA[₹10,990]]>
            </line>
            <line>
              <![CDATA[₹10,999]]>
            </line>
            <line>
              <![CDATA[₹6,199]]>
            </line>
            <line>
              <![CDATA[₹9,499]]>
            </line>
            <line>
              <![CDATA[₹12,499]]>
            </line>
            <line>
              <![CDATA[₹5,000]]>
            </line>
            <line>
              <![CDATA[₹9,999]]>
            </line>
            <line>
              <![CDATA[₹8,499]]>
            </line>
            <line>
              <![CDATA[₹58,999]]>
            </line>
            <line>
              <![CDATA[₹8,999]]>
            </line>
            <line>
              <![CDATA[₹29,999]]>
            </line>
            <line>
              <![CDATA[₹14,499]]>
            </line>
            <line>
              <![CDATA[₹12,499]]>
            </line>
            <line>
              <![CDATA[₹6,799]]>
            </line>
            <line>
              <![CDATA[₹29,999]]>
            </line>
            <line>
              <![CDATA[₹13,999]]>
            </line>
            <line>
              <![CDATA[₹16,999]]>
            </line>
            <line>
              <![CDATA[₹7,499]]>
            </line>
            <line>
              <![CDATA[₹9,999]]>
            </line>
            <line>
              <![CDATA[₹7,499]]>
            </line>
            <line>
              <![CDATA[₹7,499]]>
            </line>
            <line>
              <![CDATA[₹1,05,999]]>
            </line>
            <line>
              <![CDATA[₹39,999]]>
            </line>
          </reporter-output>
        </test-method> <!-- searchItem -->
        <test-method status="PASS" signature="tearDown()[pri:0, instance:com.qa.testscripts.TC_AmazonSearch_01@42dafa95]" name="tearDown" is-config="true" duration-ms="593" started-at="2021-05-04T05:59:58Z" finished-at="2021-05-04T05:59:58Z">
          <reporter-output>
          </reporter-output>
        </test-method> <!-- tearDown -->
      </class> <!-- com.qa.testscripts.TC_AmazonSearch_01 -->
    </test> <!-- Functional testing1 -->
  </suite> <!-- Automation Testing -->
</testng-results>
