<?xml version="1.0" encoding="UTF-8"?>
<!-- Generated by org.testng.reporters.JUnitXMLReporter -->
<testsuite hostname="DELL" ignored="0" name="Functional testing1" tests="3" failures="1" timestamp="24 Jun 2021 04:45:36 GMT" time="57.63" errors="0">
  <testcase name="searchItem" time="13.963" classname="com.qa.testscripts.TC_AmazonSearch_01"/>
  <testcase name="searchItem" time="16.559" classname="com.qa.testscripts.TC_AmazonSearch_01"/>
  <testcase name="searchItem" time="8.891" classname="com.qa.testscripts.TC_AmazonSearch_01">
    <failure type="java.lang.IndexOutOfBoundsException" message="Index: 29, Size: 29">
      <![CDATA[java.lang.IndexOutOfBoundsException: Index: 29, Size: 29
at java.util.ArrayList.rangeCheck(ArrayList.java:657)
at java.util.ArrayList.get(ArrayList.java:433)
at org.openqa.selenium.support.pagefactory.internal.LocatingElementListHandler.invoke(LocatingElementListHandler.java:39)
at com.sun.proxy.$Proxy13.get(Unknown Source)
at com.qa.testscripts.TC_AmazonSearch_01.searchItem(TC_AmazonSearch_01.java:132)
... Removed 28 stack frames]]>
    </failure>
  </testcase> <!-- searchItem -->
</testsuite> <!-- Functional testing1 -->
