<?xml version="1.0" encoding="UTF-8"?>
<!-- Generated by org.testng.reporters.JUnitXMLReporter -->
<testsuite hostname="DELL" ignored="0" name="Functional testing1" tests="3" failures="0" timestamp="04 May 2021 05:59:58 GMT" time="95.613" errors="0">
  <testcase name="searchItem" time="26.231" classname="com.qa.testscripts.TC_AmazonSearch_01"/>
  <testcase name="searchItem" time="31.08" classname="com.qa.testscripts.TC_AmazonSearch_01"/>
  <testcase name="searchItem" time="13.285" classname="com.qa.testscripts.TC_AmazonSearch_01"/>
</testsuite> <!-- Functional testing1 -->
